#
# A fatal error has been detected by the Java Runtime Environment:
#
#  Internal Error (classFileParser.cpp:3375), pid=3072, tid=3079101296
#  Error: ShouldNotReachHere()
#
# JRE version: 6.0_20-b20
# Java VM: OpenJDK Client VM (19.0-b09 mixed mode linux-x86 )
# Derivative: IcedTea6 1.9.13
# Distribution: Ubuntu 10.10, package 6b20-1.9.13-0ubuntu1~10.10.1
# If you would like to submit a bug report, please include
# instructions how to reproduce the bug and visit:
#   https://bugs.launchpad.net/ubuntu/+source/openjdk-6/
#

---------------  T H R E A D  ---------------

Current thread (0x09299400):  JavaThread "Unknown thread" [_thread_in_vm, id=3078, stack(0xb7825000,0xb7876000)]

Stack: [0xb7825000,0xb7876000],  sp=0xb7874800,  free space=318k
Native frames: (J=compiled Java code, j=interpreted, Vv=VM code, C=native code)
V  [libjvm.so+0x3e95c7]
V  [libjvm.so+0x3e9811]
V  [libjvm.so+0x17865e]
V  [libjvm.so+0x1786d9]
V  [libjvm.so+0x1201e6]
V  [libjvm.so+0x12347b]
V  [libjvm.so+0x38fe19]
V  [libjvm.so+0x3907f2]
V  [libjvm.so+0x390bd4]
V  [libjvm.so+0x391bb0]
V  [libjvm.so+0x391c6a]
V  [libjvm.so+0x391cfd]
V  [libjvm.so+0x391d56]
V  [libjvm.so+0x391e33]
V  [libjvm.so+0x392129]
V  [libjvm.so+0x3c940f]
V  [libjvm.so+0x3c9e1c]
V  [libjvm.so+0x1d9bb8]
V  [libjvm.so+0x3bd3fc]
V  [libjvm.so+0x21340c]
C  [java+0x2238]  JavaMain+0x88
C  [libpthread.so.0+0x5cc9]


---------------  P R O C E S S  ---------------

Java Threads: ( => current thread )

Other Threads:

=>0x09299400 (exited) JavaThread "Unknown thread" [_thread_in_vm, id=3078, stack(0xb7825000,0xb7876000)]

VM state:not at safepoint (not fully initialized)

VM Mutex/Monitor currently owned by a thread: None

Dynamic libraries:
00110000-00134000 r-xp 00000000 08:01 5247341    /lib/libm-2.12.1.so
00134000-00135000 r--p 00023000 08:01 5247341    /lib/libm-2.12.1.so
00135000-00136000 rw-p 00024000 08:01 5247341    /lib/libm-2.12.1.so
00136000-0013d000 r-xp 00000000 08:01 5243724    /lib/librt-2.12.1.so
0013d000-0013e000 r--p 00006000 08:01 5243724    /lib/librt-2.12.1.so
0013e000-0013f000 rw-p 00007000 08:01 5243724    /lib/librt-2.12.1.so
0013f000-00152000 r-xp 00000000 08:01 5247326    /lib/libnsl-2.12.1.so
00152000-00153000 r--p 00012000 08:01 5247326    /lib/libnsl-2.12.1.so
00153000-00154000 rw-p 00013000 08:01 5247326    /lib/libnsl-2.12.1.so
00154000-00156000 rw-p 00000000 00:00 0 
00156000-0015c000 r-xp 00000000 08:01 3680419    /usr/lib/jvm/java-6-openjdk/jre/lib/i386/native_threads/libhpi.so
0015c000-0015d000 r--p 00005000 08:01 3680419    /usr/lib/jvm/java-6-openjdk/jre/lib/i386/native_threads/libhpi.so
0015d000-0015e000 rw-p 00006000 08:01 3680419    /usr/lib/jvm/java-6-openjdk/jre/lib/i386/native_threads/libhpi.so
0015e000-00164000 r-xp 00000000 08:01 5247348    /lib/libnss_compat-2.12.1.so
00164000-00165000 r--p 00006000 08:01 5247348    /lib/libnss_compat-2.12.1.so
00165000-00166000 rw-p 00007000 08:01 5247348    /lib/libnss_compat-2.12.1.so
00166000-00170000 r-xp 00000000 08:01 5243720    /lib/libnss_files-2.12.1.so
00170000-00171000 r--p 00009000 08:01 5243720    /lib/libnss_files-2.12.1.so
00171000-00172000 rw-p 0000a000 08:01 5243720    /lib/libnss_files-2.12.1.so
002a7000-002bc000 r-xp 00000000 08:01 5247365    /lib/libpthread-2.12.1.so
002bc000-002bd000 ---p 00015000 08:01 5247365    /lib/libpthread-2.12.1.so
002bd000-002be000 r--p 00015000 08:01 5247365    /lib/libpthread-2.12.1.so
002be000-002bf000 rw-p 00016000 08:01 5247365    /lib/libpthread-2.12.1.so
002bf000-002c1000 rw-p 00000000 00:00 0 
0039b000-003a1000 r-xp 00000000 08:01 3680403    /usr/lib/jvm/java-6-openjdk/jre/lib/i386/libzip.so
003a1000-003a2000 r--p 00005000 08:01 3680403    /usr/lib/jvm/java-6-openjdk/jre/lib/i386/libzip.so
003a2000-003a3000 rw-p 00006000 08:01 3680403    /usr/lib/jvm/java-6-openjdk/jre/lib/i386/libzip.so
004a1000-004aa000 r-xp 00000000 08:01 5246691    /lib/libnss_nis-2.12.1.so
004aa000-004ab000 r--p 00008000 08:01 5246691    /lib/libnss_nis-2.12.1.so
004ab000-004ac000 rw-p 00009000 08:01 5246691    /lib/libnss_nis-2.12.1.so
004b3000-0060a000 r-xp 00000000 08:01 5247354    /lib/libc-2.12.1.so
0060a000-0060c000 r--p 00157000 08:01 5247354    /lib/libc-2.12.1.so
0060c000-0060d000 rw-p 00159000 08:01 5247354    /lib/libc-2.12.1.so
0060d000-00610000 rw-p 00000000 00:00 0 
0088c000-0088e000 r-xp 00000000 08:01 5243722    /lib/libdl-2.12.1.so
0088e000-0088f000 r--p 00001000 08:01 5243722    /lib/libdl-2.12.1.so
0088f000-00890000 rw-p 00002000 08:01 5243722    /lib/libdl-2.12.1.so
008d2000-008e5000 r-xp 00000000 08:01 5243074    /lib/libz.so.1.2.3.4
008e5000-008e6000 r--p 00012000 08:01 5243074    /lib/libz.so.1.2.3.4
008e6000-008e7000 rw-p 00013000 08:01 5243074    /lib/libz.so.1.2.3.4
00aa6000-00ab1000 r-xp 00000000 08:01 3680426    /usr/lib/jvm/java-6-openjdk/jre/lib/i386/libverify.so
00ab1000-00ab2000 ---p 0000b000 08:01 3680426    /usr/lib/jvm/java-6-openjdk/jre/lib/i386/libverify.so
00ab2000-00ab3000 r--p 0000b000 08:01 3680426    /usr/lib/jvm/java-6-openjdk/jre/lib/i386/libverify.so
00ab3000-00ab4000 rw-p 0000c000 08:01 3680426    /usr/lib/jvm/java-6-openjdk/jre/lib/i386/libverify.so
00b27000-00b43000 r-xp 00000000 08:01 5243716    /lib/ld-2.12.1.so
00b43000-00b44000 r--p 0001b000 08:01 5243716    /lib/ld-2.12.1.so
00b44000-00b45000 rw-p 0001c000 08:01 5243716    /lib/ld-2.12.1.so
00c36000-00c37000 r-xp 00000000 00:00 0          [vdso]
00d64000-00d86000 r-xp 00000000 08:01 3680398    /usr/lib/jvm/java-6-openjdk/jre/lib/i386/libjava.so
00d86000-00d87000 r--p 00021000 08:01 3680398    /usr/lib/jvm/java-6-openjdk/jre/lib/i386/libjava.so
00d87000-00d89000 rw-p 00022000 08:01 3680398    /usr/lib/jvm/java-6-openjdk/jre/lib/i386/libjava.so
00dc9000-00dcc000 r-xp 00000000 08:01 3680407    /usr/lib/jvm/java-6-openjdk/jre/lib/i386/jli/libjli.so
00dcc000-00dcd000 r--p 00002000 08:01 3680407    /usr/lib/jvm/java-6-openjdk/jre/lib/i386/jli/libjli.so
00dcd000-00dce000 rw-p 00003000 08:01 3680407    /usr/lib/jvm/java-6-openjdk/jre/lib/i386/jli/libjli.so
00dce000-01221000 r-xp 00000000 08:01 3680414    /usr/lib/jvm/java-6-openjdk/jre/lib/i386/client/libjvm.so
01221000-01238000 r--p 00453000 08:01 3680414    /usr/lib/jvm/java-6-openjdk/jre/lib/i386/client/libjvm.so
01238000-01245000 rw-p 0046a000 08:01 3680414    /usr/lib/jvm/java-6-openjdk/jre/lib/i386/client/libjvm.so
01245000-01661000 rw-p 00000000 00:00 0 
08048000-08051000 r-xp 00000000 08:01 3680367    /usr/lib/jvm/java-6-openjdk/jre/bin/java
08051000-08052000 r--p 00008000 08:01 3680367    /usr/lib/jvm/java-6-openjdk/jre/bin/java
08052000-08053000 rw-p 00009000 08:01 3680367    /usr/lib/jvm/java-6-openjdk/jre/bin/java
09293000-09300000 rw-p 00000000 00:00 0          [heap]
914f1000-915b3000 r--s 010b9000 08:01 4332901    /home/fsantiago/android-sdks/platforms/android-16/android.jar
915b3000-915ba000 rw-p 00000000 00:00 0 
915ba000-915d4000 rw-p 00000000 00:00 0 
915d4000-915da000 rw-p 00000000 00:00 0 
915da000-9167f000 rw-p 00000000 00:00 0 
9167f000-91682000 rw-p 00000000 00:00 0 
91682000-916d4000 rw-p 00000000 00:00 0 
916d4000-916da000 rw-p 00000000 00:00 0 
916da000-9177f000 rw-p 00000000 00:00 0 
9177f000-91785000 rw-p 00000000 00:00 0 
91785000-9179f000 rw-p 00000000 00:00 0 
9179f000-91cf0000 rw-p 00000000 00:00 0 
91cf0000-9c240000 rw-p 00000000 00:00 0 
9c240000-9ccf0000 rw-p 00000000 00:00 0 
9ccf0000-b17a0000 rw-p 00000000 00:00 0 
b17a0000-b23a0000 rw-p 00000000 00:00 0 
b23a0000-b57a0000 rw-p 00000000 00:00 0 
b57a5000-b57a6000 rw-p 00000000 00:00 0 
b57a6000-b5825000 rw-p 00000000 00:00 0 
b5825000-b5855000 rwxp 00000000 00:00 0 
b5855000-b7825000 rw-p 00000000 00:00 0 
b7825000-b7828000 ---p 00000000 00:00 0 
b7828000-b7879000 rw-p 00000000 00:00 0 
b787e000-b7886000 rw-s 00000000 08:01 1050610    /tmp/hsperfdata_fsantiago/3072
b7886000-b7887000 rw-p 00000000 00:00 0 
b7887000-b7888000 r--p 00000000 00:00 0 
b7888000-b788a000 rw-p 00000000 00:00 0 
bfa4a000-bfa6b000 rw-p 00000000 00:00 0          [stack]

VM Arguments:
jvm_args: -Dfile.encoding=UTF-8 -Xbootclasspath:/home/fsantiago/android-sdks/platforms/android-16/android.jar 
java_command: br.com.bitwaysystem.util.Validates
Launcher Type: SUN_STANDARD

Environment Variables:
PATH=/usr/local/sbin:/usr/local/bin:/usr/sbin:/usr/bin:/sbin:/bin:/usr/games
USERNAME=fsantiago
LD_LIBRARY_PATH=/usr/lib/jvm/java-6-openjdk/jre/lib/i386/client:/usr/lib/jvm/java-6-openjdk/jre/lib/i386:/usr/lib/jvm/java-6-openjdk/jre/../lib/i386:/usr/lib/jvm/java-7-oracle/jre/lib/i386/client:/usr/lib/jvm/java-7-oracle/jre/lib/i386:
SHELL=/bin/bash
DISPLAY=:0.0

Signal Handlers:
SIGSEGV: [libjvm.so+0x3ea1d0], sa_mask[0]=0x7ffbfeff, sa_flags=0x10000004
SIGBUS: [libjvm.so+0x3ea1d0], sa_mask[0]=0x7ffbfeff, sa_flags=0x10000004
SIGFPE: [libjvm.so+0x30d270], sa_mask[0]=0x7ffbfeff, sa_flags=0x10000004
SIGPIPE: [libjvm.so+0x30d270], sa_mask[0]=0x7ffbfeff, sa_flags=0x10000004
SIGXFSZ: [libjvm.so+0x30d270], sa_mask[0]=0x7ffbfeff, sa_flags=0x10000004
SIGILL: [libjvm.so+0x30d270], sa_mask[0]=0x7ffbfeff, sa_flags=0x10000004
SIGUSR1: SIG_DFL, sa_mask[0]=0x00000000, sa_flags=0x00000000
SIGUSR2: [libjvm.so+0x30c920], sa_mask[0]=0x00000004, sa_flags=0x10000004
SIGHUP: SIG_DFL, sa_mask[0]=0x00000000, sa_flags=0x00000000
SIGINT: SIG_DFL, sa_mask[0]=0x00000000, sa_flags=0x00000000
SIGTERM: SIG_DFL, sa_mask[0]=0x00000000, sa_flags=0x00000000
SIGQUIT: SIG_DFL, sa_mask[0]=0x00000000, sa_flags=0x00000000


---------------  S Y S T E M  ---------------

OS:Ubuntu 10.10 (maverick)
uname:Linux 2.6.35-32-generic #67-Ubuntu SMP Mon Mar 5 19:35:26 UTC 2012 i686
libc:glibc 2.12.1 NPTL 2.12.1 
rlimit: STACK 8192k, CORE 0k, NPROC infinity, NOFILE 1024, AS infinity
load average:0.17 0.23 0.18

/proc/meminfo:
MemTotal:        2056892 kB
MemFree:          364516 kB
Buffers:           74036 kB
Cached:          1093468 kB
SwapCached:            0 kB
Active:          1010428 kB
Inactive:         631420 kB
Active(anon):     474624 kB
Inactive(anon):     2932 kB
Active(file):     535804 kB
Inactive(file):   628488 kB
Unevictable:          16 kB
Mlocked:              16 kB
HighTotal:       1183688 kB
HighFree:           1720 kB
LowTotal:         873204 kB
LowFree:          362796 kB
SwapTotal:       4305916 kB
SwapFree:        4305916 kB
Dirty:               192 kB
Writeback:             0 kB
AnonPages:        474408 kB
Mapped:            76244 kB
Shmem:              3164 kB
Slab:              34516 kB
SReclaimable:      26236 kB
SUnreclaim:         8280 kB
KernelStack:        2240 kB
PageTables:         4928 kB
NFS_Unstable:          0 kB
Bounce:                0 kB
WritebackTmp:          0 kB
CommitLimit:     5334360 kB
Committed_AS:    1184816 kB
VmallocTotal:     122880 kB
VmallocUsed:       31164 kB
VmallocChunk:      86852 kB
HardwareCorrupted:     0 kB
HugePages_Total:       0
HugePages_Free:        0
HugePages_Rsvd:        0
HugePages_Surp:        0
Hugepagesize:       4096 kB
DirectMap4k:       12280 kB
DirectMap4M:      897024 kB


CPU:total 1 (1 cores per cpu, 1 threads per core) family 6 model 23 stepping 10, cmov, cx8, fxsr, mmx, sse, sse2, sse3, ssse3

Memory: 4k page, physical 2056892k(364516k free), swap 4305916k(4305916k free)

vm_info: OpenJDK Client VM (19.0-b09) for linux-x86 JRE (1.6.0_20-b20), built on Feb 18 2012 07:31:20 by "buildd" with gcc 4.4.5

time: Sat Mar  2 21:15:17 2013
elapsed time: 0 seconds

