#
# A fatal error has been detected by the Java Runtime Environment:
#
#  Internal Error (classFileParser.cpp:3375), pid=2092, tid=3079531376
#  Error: ShouldNotReachHere()
#
# JRE version: 6.0_20-b20
# Java VM: OpenJDK Client VM (19.0-b09 mixed mode linux-x86 )
# Derivative: IcedTea6 1.9.13
# Distribution: Ubuntu 10.10, package 6b20-1.9.13-0ubuntu1~10.10.1
# If you would like to submit a bug report, please include
# instructions how to reproduce the bug and visit:
#   https://bugs.launchpad.net/ubuntu/+source/openjdk-6/
#

---------------  T H R E A D  ---------------

Current thread (0x09ecd400):  JavaThread "Unknown thread" [_thread_in_vm, id=2097, stack(0xb788e000,0xb78df000)]

Stack: [0xb788e000,0xb78df000],  sp=0xb78dd800,  free space=318k
Native frames: (J=compiled Java code, j=interpreted, Vv=VM code, C=native code)
V  [libjvm.so+0x3e95c7]
V  [libjvm.so+0x3e9811]
V  [libjvm.so+0x17865e]
V  [libjvm.so+0x1786d9]
V  [libjvm.so+0x1201e6]
V  [libjvm.so+0x12347b]
V  [libjvm.so+0x38fe19]
V  [libjvm.so+0x3907f2]
V  [libjvm.so+0x390bd4]
V  [libjvm.so+0x391bb0]
V  [libjvm.so+0x391c6a]
V  [libjvm.so+0x391cfd]
V  [libjvm.so+0x391d56]
V  [libjvm.so+0x391e33]
V  [libjvm.so+0x392129]
V  [libjvm.so+0x3c940f]
V  [libjvm.so+0x3c9e1c]
V  [libjvm.so+0x1d9bb8]
V  [libjvm.so+0x3bd3fc]
V  [libjvm.so+0x21340c]
C  [java+0x2238]  JavaMain+0x88
C  [libpthread.so.0+0x5cc9]


---------------  P R O C E S S  ---------------

Java Threads: ( => current thread )

Other Threads:

=>0x09ecd400 (exited) JavaThread "Unknown thread" [_thread_in_vm, id=2097, stack(0xb788e000,0xb78df000)]

VM state:not at safepoint (not fully initialized)

VM Mutex/Monitor currently owned by a thread: None

Dynamic libraries:
00110000-00134000 r-xp 00000000 08:01 5247341    /lib/libm-2.12.1.so
00134000-00135000 r--p 00023000 08:01 5247341    /lib/libm-2.12.1.so
00135000-00136000 rw-p 00024000 08:01 5247341    /lib/libm-2.12.1.so
00136000-00149000 r-xp 00000000 08:01 5243074    /lib/libz.so.1.2.3.4
00149000-0014a000 r--p 00012000 08:01 5243074    /lib/libz.so.1.2.3.4
0014a000-0014b000 rw-p 00013000 08:01 5243074    /lib/libz.so.1.2.3.4
0014b000-0015e000 r-xp 00000000 08:01 5247326    /lib/libnsl-2.12.1.so
0015e000-0015f000 r--p 00012000 08:01 5247326    /lib/libnsl-2.12.1.so
0015f000-00160000 rw-p 00013000 08:01 5247326    /lib/libnsl-2.12.1.so
00160000-00162000 rw-p 00000000 00:00 0 
00168000-00171000 r-xp 00000000 08:01 5246691    /lib/libnss_nis-2.12.1.so
00171000-00172000 r--p 00008000 08:01 5246691    /lib/libnss_nis-2.12.1.so
00172000-00173000 rw-p 00009000 08:01 5246691    /lib/libnss_nis-2.12.1.so
001c0000-001c1000 r-xp 00000000 00:00 0          [vdso]
001c3000-001c9000 r-xp 00000000 08:01 5247348    /lib/libnss_compat-2.12.1.so
001c9000-001ca000 r--p 00006000 08:01 5247348    /lib/libnss_compat-2.12.1.so
001ca000-001cb000 rw-p 00007000 08:01 5247348    /lib/libnss_compat-2.12.1.so
0033a000-00340000 r-xp 00000000 08:01 3680403    /usr/lib/jvm/java-6-openjdk/jre/lib/i386/libzip.so
00340000-00341000 r--p 00005000 08:01 3680403    /usr/lib/jvm/java-6-openjdk/jre/lib/i386/libzip.so
00341000-00342000 rw-p 00006000 08:01 3680403    /usr/lib/jvm/java-6-openjdk/jre/lib/i386/libzip.so
00415000-00437000 r-xp 00000000 08:01 3680398    /usr/lib/jvm/java-6-openjdk/jre/lib/i386/libjava.so
00437000-00438000 r--p 00021000 08:01 3680398    /usr/lib/jvm/java-6-openjdk/jre/lib/i386/libjava.so
00438000-0043a000 rw-p 00022000 08:01 3680398    /usr/lib/jvm/java-6-openjdk/jre/lib/i386/libjava.so
005a2000-005ad000 r-xp 00000000 08:01 3680426    /usr/lib/jvm/java-6-openjdk/jre/lib/i386/libverify.so
005ad000-005ae000 ---p 0000b000 08:01 3680426    /usr/lib/jvm/java-6-openjdk/jre/lib/i386/libverify.so
005ae000-005af000 r--p 0000b000 08:01 3680426    /usr/lib/jvm/java-6-openjdk/jre/lib/i386/libverify.so
005af000-005b0000 rw-p 0000c000 08:01 3680426    /usr/lib/jvm/java-6-openjdk/jre/lib/i386/libverify.so
00688000-0068e000 r-xp 00000000 08:01 3680419    /usr/lib/jvm/java-6-openjdk/jre/lib/i386/native_threads/libhpi.so
0068e000-0068f000 r--p 00005000 08:01 3680419    /usr/lib/jvm/java-6-openjdk/jre/lib/i386/native_threads/libhpi.so
0068f000-00690000 rw-p 00006000 08:01 3680419    /usr/lib/jvm/java-6-openjdk/jre/lib/i386/native_threads/libhpi.so
00718000-00722000 r-xp 00000000 08:01 5243720    /lib/libnss_files-2.12.1.so
00722000-00723000 r--p 00009000 08:01 5243720    /lib/libnss_files-2.12.1.so
00723000-00724000 rw-p 0000a000 08:01 5243720    /lib/libnss_files-2.12.1.so
008c4000-008c6000 r-xp 00000000 08:01 5243722    /lib/libdl-2.12.1.so
008c6000-008c7000 r--p 00001000 08:01 5243722    /lib/libdl-2.12.1.so
008c7000-008c8000 rw-p 00002000 08:01 5243722    /lib/libdl-2.12.1.so
0098c000-009a8000 r-xp 00000000 08:01 5243716    /lib/ld-2.12.1.so
009a8000-009a9000 r--p 0001b000 08:01 5243716    /lib/ld-2.12.1.so
009a9000-009aa000 rw-p 0001c000 08:01 5243716    /lib/ld-2.12.1.so
00a09000-00a0c000 r-xp 00000000 08:01 3680407    /usr/lib/jvm/java-6-openjdk/jre/lib/i386/jli/libjli.so
00a0c000-00a0d000 r--p 00002000 08:01 3680407    /usr/lib/jvm/java-6-openjdk/jre/lib/i386/jli/libjli.so
00a0d000-00a0e000 rw-p 00003000 08:01 3680407    /usr/lib/jvm/java-6-openjdk/jre/lib/i386/jli/libjli.so
00a4b000-00a52000 r-xp 00000000 08:01 5243724    /lib/librt-2.12.1.so
00a52000-00a53000 r--p 00006000 08:01 5243724    /lib/librt-2.12.1.so
00a53000-00a54000 rw-p 00007000 08:01 5243724    /lib/librt-2.12.1.so
00cce000-00e25000 r-xp 00000000 08:01 5247354    /lib/libc-2.12.1.so
00e25000-00e27000 r--p 00157000 08:01 5247354    /lib/libc-2.12.1.so
00e27000-00e28000 rw-p 00159000 08:01 5247354    /lib/libc-2.12.1.so
00e28000-00e2b000 rw-p 00000000 00:00 0 
00f8c000-00fa1000 r-xp 00000000 08:01 5247365    /lib/libpthread-2.12.1.so
00fa1000-00fa2000 ---p 00015000 08:01 5247365    /lib/libpthread-2.12.1.so
00fa2000-00fa3000 r--p 00015000 08:01 5247365    /lib/libpthread-2.12.1.so
00fa3000-00fa4000 rw-p 00016000 08:01 5247365    /lib/libpthread-2.12.1.so
00fa4000-00fa6000 rw-p 00000000 00:00 0 
00fa6000-013f9000 r-xp 00000000 08:01 3680414    /usr/lib/jvm/java-6-openjdk/jre/lib/i386/client/libjvm.so
013f9000-01410000 r--p 00453000 08:01 3680414    /usr/lib/jvm/java-6-openjdk/jre/lib/i386/client/libjvm.so
01410000-0141d000 rw-p 0046a000 08:01 3680414    /usr/lib/jvm/java-6-openjdk/jre/lib/i386/client/libjvm.so
0141d000-01839000 rw-p 00000000 00:00 0 
08048000-08051000 r-xp 00000000 08:01 3680367    /usr/lib/jvm/java-6-openjdk/jre/bin/java
08051000-08052000 r--p 00008000 08:01 3680367    /usr/lib/jvm/java-6-openjdk/jre/bin/java
08052000-08053000 rw-p 00009000 08:01 3680367    /usr/lib/jvm/java-6-openjdk/jre/bin/java
09ec7000-09f34000 rw-p 00000000 00:00 0          [heap]
91551000-91613000 r--s 010b9000 08:01 4332901    /home/fsantiago/android-sdks/platforms/android-16/android.jar
91613000-9161a000 rw-p 00000000 00:00 0 
9161a000-91634000 rw-p 00000000 00:00 0 
91634000-9163a000 rw-p 00000000 00:00 0 
9163a000-916df000 rw-p 00000000 00:00 0 
916df000-916e2000 rw-p 00000000 00:00 0 
916e2000-91734000 rw-p 00000000 00:00 0 
91734000-9173a000 rw-p 00000000 00:00 0 
9173a000-917df000 rw-p 00000000 00:00 0 
917df000-917e5000 rw-p 00000000 00:00 0 
917e5000-917ff000 rw-p 00000000 00:00 0 
917ff000-91d50000 rw-p 00000000 00:00 0 
91d50000-9c2a0000 rw-p 00000000 00:00 0 
9c2a0000-9cd50000 rw-p 00000000 00:00 0 
9cd50000-b1800000 rw-p 00000000 00:00 0 
b1800000-b2400000 rw-p 00000000 00:00 0 
b2400000-b5800000 rw-p 00000000 00:00 0 
b580e000-b580f000 rw-p 00000000 00:00 0 
b580f000-b588e000 rw-p 00000000 00:00 0 
b588e000-b58be000 rwxp 00000000 00:00 0 
b58be000-b788e000 rw-p 00000000 00:00 0 
b788e000-b7891000 ---p 00000000 00:00 0 
b7891000-b78e2000 rw-p 00000000 00:00 0 
b78e7000-b78ef000 rw-s 00000000 08:01 1054047    /tmp/hsperfdata_fsantiago/2092
b78ef000-b78f0000 rw-p 00000000 00:00 0 
b78f0000-b78f1000 r--p 00000000 00:00 0 
b78f1000-b78f3000 rw-p 00000000 00:00 0 
bfd82000-bfda3000 rw-p 00000000 00:00 0          [stack]

VM Arguments:
jvm_args: -Dfile.encoding=UTF-8 -Xbootclasspath:/home/fsantiago/android-sdks/platforms/android-16/android.jar 
java_command: br.com.bitwaysystem.util.FormatCNPJorCPF
Launcher Type: SUN_STANDARD

Environment Variables:
PATH=/usr/local/sbin:/usr/local/bin:/usr/sbin:/usr/bin:/sbin:/bin:/usr/games
USERNAME=fsantiago
LD_LIBRARY_PATH=/usr/lib/jvm/java-6-openjdk/jre/lib/i386/client:/usr/lib/jvm/java-6-openjdk/jre/lib/i386:/usr/lib/jvm/java-6-openjdk/jre/../lib/i386:/usr/lib/jvm/java-7-oracle/jre/lib/i386/client:/usr/lib/jvm/java-7-oracle/jre/lib/i386:
SHELL=/bin/bash
DISPLAY=:0.0

Signal Handlers:
SIGSEGV: [libjvm.so+0x3ea1d0], sa_mask[0]=0x7ffbfeff, sa_flags=0x10000004
SIGBUS: [libjvm.so+0x3ea1d0], sa_mask[0]=0x7ffbfeff, sa_flags=0x10000004
SIGFPE: [libjvm.so+0x30d270], sa_mask[0]=0x7ffbfeff, sa_flags=0x10000004
SIGPIPE: [libjvm.so+0x30d270], sa_mask[0]=0x7ffbfeff, sa_flags=0x10000004
SIGXFSZ: [libjvm.so+0x30d270], sa_mask[0]=0x7ffbfeff, sa_flags=0x10000004
SIGILL: [libjvm.so+0x30d270], sa_mask[0]=0x7ffbfeff, sa_flags=0x10000004
SIGUSR1: SIG_DFL, sa_mask[0]=0x00000000, sa_flags=0x00000000
SIGUSR2: [libjvm.so+0x30c920], sa_mask[0]=0x00000004, sa_flags=0x10000004
SIGHUP: SIG_DFL, sa_mask[0]=0x00000000, sa_flags=0x00000000
SIGINT: SIG_DFL, sa_mask[0]=0x00000000, sa_flags=0x00000000
SIGTERM: SIG_DFL, sa_mask[0]=0x00000000, sa_flags=0x00000000
SIGQUIT: SIG_DFL, sa_mask[0]=0x00000000, sa_flags=0x00000000


---------------  S Y S T E M  ---------------

OS:Ubuntu 10.10 (maverick)
uname:Linux 2.6.35-32-generic #67-Ubuntu SMP Mon Mar 5 19:35:26 UTC 2012 i686
libc:glibc 2.12.1 NPTL 2.12.1 
rlimit: STACK 8192k, CORE 0k, NPROC infinity, NOFILE 1024, AS infinity
load average:0.28 0.32 0.26

/proc/meminfo:
MemTotal:        2012408 kB
MemFree:          105152 kB
Buffers:          113296 kB
Cached:           893868 kB
SwapCached:            0 kB
Active:           941296 kB
Inactive:         895208 kB
Active(anon):     553964 kB
Inactive(anon):   284260 kB
Active(file):     387332 kB
Inactive(file):   610948 kB
Unevictable:          16 kB
Mlocked:              16 kB
HighTotal:       1138632 kB
HighFree:          59968 kB
LowTotal:         873776 kB
LowFree:           45184 kB
SwapTotal:       4305916 kB
SwapFree:        4305916 kB
Dirty:               300 kB
Writeback:             0 kB
AnonPages:        829380 kB
Mapped:            71316 kB
Shmem:              8876 kB
Slab:              53960 kB
SReclaimable:      45532 kB
SUnreclaim:         8428 kB
KernelStack:        2288 kB
PageTables:         5368 kB
NFS_Unstable:          0 kB
Bounce:                0 kB
WritebackTmp:          0 kB
CommitLimit:     5312120 kB
Committed_AS:    1928632 kB
VmallocTotal:     122880 kB
VmallocUsed:       31164 kB
VmallocChunk:      86852 kB
HardwareCorrupted:     0 kB
HugePages_Total:       0
HugePages_Free:        0
HugePages_Rsvd:        0
HugePages_Surp:        0
Hugepagesize:       4096 kB
DirectMap4k:       12280 kB
DirectMap4M:      897024 kB


CPU:total 1 (1 cores per cpu, 1 threads per core) family 6 model 23 stepping 10, cmov, cx8, fxsr, mmx, sse, sse2, sse3, ssse3

Memory: 4k page, physical 2012408k(105152k free), swap 4305916k(4305916k free)

vm_info: OpenJDK Client VM (19.0-b09) for linux-x86 JRE (1.6.0_20-b20), built on Feb 18 2012 07:31:20 by "buildd" with gcc 4.4.5

time: Wed Jan 30 23:23:30 2013
elapsed time: 0 seconds

