#
# A fatal error has been detected by the Java Runtime Environment:
#
#  Internal Error (classFileParser.cpp:3375), pid=3623, tid=3078028144
#  Error: ShouldNotReachHere()
#
# JRE version: 6.0_20-b20
# Java VM: OpenJDK Client VM (19.0-b09 mixed mode linux-x86 )
# Derivative: IcedTea6 1.9.13
# Distribution: Ubuntu 10.10, package 6b20-1.9.13-0ubuntu1~10.10.1
# If you would like to submit a bug report, please include
# instructions how to reproduce the bug and visit:
#   https://bugs.launchpad.net/ubuntu/+source/openjdk-6/
#

---------------  T H R E A D  ---------------

Current thread (0x085f0400):  JavaThread "Unknown thread" [_thread_in_vm, id=3630, stack(0xb771f000,0xb7770000)]

Stack: [0xb771f000,0xb7770000],  sp=0xb776e800,  free space=318k
Native frames: (J=compiled Java code, j=interpreted, Vv=VM code, C=native code)
V  [libjvm.so+0x3e95c7]
V  [libjvm.so+0x3e9811]
V  [libjvm.so+0x17865e]
V  [libjvm.so+0x1786d9]
V  [libjvm.so+0x1201e6]
V  [libjvm.so+0x12347b]
V  [libjvm.so+0x38fe19]
V  [libjvm.so+0x3907f2]
V  [libjvm.so+0x390bd4]
V  [libjvm.so+0x391bb0]
V  [libjvm.so+0x391c6a]
V  [libjvm.so+0x391cfd]
V  [libjvm.so+0x391d56]
V  [libjvm.so+0x391e33]
V  [libjvm.so+0x392129]
V  [libjvm.so+0x3c940f]
V  [libjvm.so+0x3c9e1c]
V  [libjvm.so+0x1d9bb8]
V  [libjvm.so+0x3bd3fc]
V  [libjvm.so+0x21340c]
C  [java+0x2238]  JavaMain+0x88
C  [libpthread.so.0+0x5cc9]


---------------  P R O C E S S  ---------------

Java Threads: ( => current thread )

Other Threads:

=>0x085f0400 (exited) JavaThread "Unknown thread" [_thread_in_vm, id=3630, stack(0xb771f000,0xb7770000)]

VM state:not at safepoint (not fully initialized)

VM Mutex/Monitor currently owned by a thread: None

Dynamic libraries:
00110000-00132000 r-xp 00000000 08:01 3680398    /usr/lib/jvm/java-6-openjdk/jre/lib/i386/libjava.so
00132000-00133000 r--p 00021000 08:01 3680398    /usr/lib/jvm/java-6-openjdk/jre/lib/i386/libjava.so
00133000-00135000 rw-p 00022000 08:01 3680398    /usr/lib/jvm/java-6-openjdk/jre/lib/i386/libjava.so
00135000-00148000 r-xp 00000000 08:01 5247326    /lib/libnsl-2.12.1.so
00148000-00149000 r--p 00012000 08:01 5247326    /lib/libnsl-2.12.1.so
00149000-0014a000 rw-p 00013000 08:01 5247326    /lib/libnsl-2.12.1.so
0014a000-0014c000 rw-p 00000000 00:00 0 
00203000-00205000 r-xp 00000000 08:01 5243722    /lib/libdl-2.12.1.so
00205000-00206000 r--p 00001000 08:01 5243722    /lib/libdl-2.12.1.so
00206000-00207000 rw-p 00002000 08:01 5243722    /lib/libdl-2.12.1.so
00207000-0035e000 r-xp 00000000 08:01 5247354    /lib/libc-2.12.1.so
0035e000-00360000 r--p 00157000 08:01 5247354    /lib/libc-2.12.1.so
00360000-00361000 rw-p 00159000 08:01 5247354    /lib/libc-2.12.1.so
00361000-00364000 rw-p 00000000 00:00 0 
003cc000-003d2000 r-xp 00000000 08:01 3680419    /usr/lib/jvm/java-6-openjdk/jre/lib/i386/native_threads/libhpi.so
003d2000-003d3000 r--p 00005000 08:01 3680419    /usr/lib/jvm/java-6-openjdk/jre/lib/i386/native_threads/libhpi.so
003d3000-003d4000 rw-p 00006000 08:01 3680419    /usr/lib/jvm/java-6-openjdk/jre/lib/i386/native_threads/libhpi.so
0045f000-00483000 r-xp 00000000 08:01 5247341    /lib/libm-2.12.1.so
00483000-00484000 r--p 00023000 08:01 5247341    /lib/libm-2.12.1.so
00484000-00485000 rw-p 00024000 08:01 5247341    /lib/libm-2.12.1.so
0062f000-00635000 r-xp 00000000 08:01 5247348    /lib/libnss_compat-2.12.1.so
00635000-00636000 r--p 00006000 08:01 5247348    /lib/libnss_compat-2.12.1.so
00636000-00637000 rw-p 00007000 08:01 5247348    /lib/libnss_compat-2.12.1.so
007d2000-007e5000 r-xp 00000000 08:01 5243074    /lib/libz.so.1.2.3.4
007e5000-007e6000 r--p 00012000 08:01 5243074    /lib/libz.so.1.2.3.4
007e6000-007e7000 rw-p 00013000 08:01 5243074    /lib/libz.so.1.2.3.4
008f0000-008f3000 r-xp 00000000 08:01 3680407    /usr/lib/jvm/java-6-openjdk/jre/lib/i386/jli/libjli.so
008f3000-008f4000 r--p 00002000 08:01 3680407    /usr/lib/jvm/java-6-openjdk/jre/lib/i386/jli/libjli.so
008f4000-008f5000 rw-p 00003000 08:01 3680407    /usr/lib/jvm/java-6-openjdk/jre/lib/i386/jli/libjli.so
00984000-0098a000 r-xp 00000000 08:01 3680403    /usr/lib/jvm/java-6-openjdk/jre/lib/i386/libzip.so
0098a000-0098b000 r--p 00005000 08:01 3680403    /usr/lib/jvm/java-6-openjdk/jre/lib/i386/libzip.so
0098b000-0098c000 rw-p 00006000 08:01 3680403    /usr/lib/jvm/java-6-openjdk/jre/lib/i386/libzip.so
0099e000-009a9000 r-xp 00000000 08:01 3680426    /usr/lib/jvm/java-6-openjdk/jre/lib/i386/libverify.so
009a9000-009aa000 ---p 0000b000 08:01 3680426    /usr/lib/jvm/java-6-openjdk/jre/lib/i386/libverify.so
009aa000-009ab000 r--p 0000b000 08:01 3680426    /usr/lib/jvm/java-6-openjdk/jre/lib/i386/libverify.so
009ab000-009ac000 rw-p 0000c000 08:01 3680426    /usr/lib/jvm/java-6-openjdk/jre/lib/i386/libverify.so
009b6000-009c0000 r-xp 00000000 08:01 5243720    /lib/libnss_files-2.12.1.so
009c0000-009c1000 r--p 00009000 08:01 5243720    /lib/libnss_files-2.12.1.so
009c1000-009c2000 rw-p 0000a000 08:01 5243720    /lib/libnss_files-2.12.1.so
009dc000-009e5000 r-xp 00000000 08:01 5246691    /lib/libnss_nis-2.12.1.so
009e5000-009e6000 r--p 00008000 08:01 5246691    /lib/libnss_nis-2.12.1.so
009e6000-009e7000 rw-p 00009000 08:01 5246691    /lib/libnss_nis-2.12.1.so
00a0c000-00a21000 r-xp 00000000 08:01 5247365    /lib/libpthread-2.12.1.so
00a21000-00a22000 ---p 00015000 08:01 5247365    /lib/libpthread-2.12.1.so
00a22000-00a23000 r--p 00015000 08:01 5247365    /lib/libpthread-2.12.1.so
00a23000-00a24000 rw-p 00016000 08:01 5247365    /lib/libpthread-2.12.1.so
00a24000-00a26000 rw-p 00000000 00:00 0 
00a9f000-00abb000 r-xp 00000000 08:01 5243716    /lib/ld-2.12.1.so
00abb000-00abc000 r--p 0001b000 08:01 5243716    /lib/ld-2.12.1.so
00abc000-00abd000 rw-p 0001c000 08:01 5243716    /lib/ld-2.12.1.so
00c74000-00c7b000 r-xp 00000000 08:01 5243724    /lib/librt-2.12.1.so
00c7b000-00c7c000 r--p 00006000 08:01 5243724    /lib/librt-2.12.1.so
00c7c000-00c7d000 rw-p 00007000 08:01 5243724    /lib/librt-2.12.1.so
00dc1000-00dc2000 r-xp 00000000 00:00 0          [vdso]
00dc2000-01215000 r-xp 00000000 08:01 3680414    /usr/lib/jvm/java-6-openjdk/jre/lib/i386/client/libjvm.so
01215000-0122c000 r--p 00453000 08:01 3680414    /usr/lib/jvm/java-6-openjdk/jre/lib/i386/client/libjvm.so
0122c000-01239000 rw-p 0046a000 08:01 3680414    /usr/lib/jvm/java-6-openjdk/jre/lib/i386/client/libjvm.so
01239000-01655000 rw-p 00000000 00:00 0 
08048000-08051000 r-xp 00000000 08:01 3680367    /usr/lib/jvm/java-6-openjdk/jre/bin/java
08051000-08052000 r--p 00008000 08:01 3680367    /usr/lib/jvm/java-6-openjdk/jre/bin/java
08052000-08053000 rw-p 00009000 08:01 3680367    /usr/lib/jvm/java-6-openjdk/jre/bin/java
085ea000-08657000 rw-p 00000000 00:00 0          [heap]
913e1000-914a3000 r--s 010b9000 08:01 4332901    /home/fsantiago/android-sdks/platforms/android-16/android.jar
914a3000-914aa000 rw-p 00000000 00:00 0 
914aa000-914c4000 rw-p 00000000 00:00 0 
914c4000-914ca000 rw-p 00000000 00:00 0 
914ca000-9156f000 rw-p 00000000 00:00 0 
9156f000-91572000 rw-p 00000000 00:00 0 
91572000-915c4000 rw-p 00000000 00:00 0 
915c4000-915ca000 rw-p 00000000 00:00 0 
915ca000-9166f000 rw-p 00000000 00:00 0 
9166f000-91675000 rw-p 00000000 00:00 0 
91675000-9168f000 rw-p 00000000 00:00 0 
9168f000-91be0000 rw-p 00000000 00:00 0 
91be0000-9c130000 rw-p 00000000 00:00 0 
9c130000-9cbe0000 rw-p 00000000 00:00 0 
9cbe0000-b1690000 rw-p 00000000 00:00 0 
b1690000-b2290000 rw-p 00000000 00:00 0 
b2290000-b5690000 rw-p 00000000 00:00 0 
b569f000-b56a0000 rw-p 00000000 00:00 0 
b56a0000-b571f000 rw-p 00000000 00:00 0 
b571f000-b574f000 rwxp 00000000 00:00 0 
b574f000-b771f000 rw-p 00000000 00:00 0 
b771f000-b7722000 ---p 00000000 00:00 0 
b7722000-b7773000 rw-p 00000000 00:00 0 
b7778000-b7780000 rw-s 00000000 08:01 1048628    /tmp/hsperfdata_fsantiago/3623
b7780000-b7781000 rw-p 00000000 00:00 0 
b7781000-b7782000 r--p 00000000 00:00 0 
b7782000-b7784000 rw-p 00000000 00:00 0 
bfb75000-bfb96000 rw-p 00000000 00:00 0          [stack]

VM Arguments:
jvm_args: -Dfile.encoding=UTF-8 -Xbootclasspath:/home/fsantiago/android-sdks/platforms/android-16/android.jar 
java_command: br.com.bitwaysystem.util.FormatCNPJorCPF
Launcher Type: SUN_STANDARD

Environment Variables:
PATH=/usr/local/sbin:/usr/local/bin:/usr/sbin:/usr/bin:/sbin:/bin:/usr/games
USERNAME=fsantiago
LD_LIBRARY_PATH=/usr/lib/jvm/java-6-openjdk/jre/lib/i386/client:/usr/lib/jvm/java-6-openjdk/jre/lib/i386:/usr/lib/jvm/java-6-openjdk/jre/../lib/i386:/usr/lib/jvm/java-7-oracle/jre/lib/i386/client:/usr/lib/jvm/java-7-oracle/jre/lib/i386:
SHELL=/bin/bash
DISPLAY=:0.0

Signal Handlers:
SIGSEGV: [libjvm.so+0x3ea1d0], sa_mask[0]=0x7ffbfeff, sa_flags=0x10000004
SIGBUS: [libjvm.so+0x3ea1d0], sa_mask[0]=0x7ffbfeff, sa_flags=0x10000004
SIGFPE: [libjvm.so+0x30d270], sa_mask[0]=0x7ffbfeff, sa_flags=0x10000004
SIGPIPE: [libjvm.so+0x30d270], sa_mask[0]=0x7ffbfeff, sa_flags=0x10000004
SIGXFSZ: [libjvm.so+0x30d270], sa_mask[0]=0x7ffbfeff, sa_flags=0x10000004
SIGILL: [libjvm.so+0x30d270], sa_mask[0]=0x7ffbfeff, sa_flags=0x10000004
SIGUSR1: SIG_DFL, sa_mask[0]=0x00000000, sa_flags=0x00000000
SIGUSR2: [libjvm.so+0x30c920], sa_mask[0]=0x00000004, sa_flags=0x10000004
SIGHUP: SIG_DFL, sa_mask[0]=0x00000000, sa_flags=0x00000000
SIGINT: SIG_DFL, sa_mask[0]=0x00000000, sa_flags=0x00000000
SIGTERM: SIG_DFL, sa_mask[0]=0x00000000, sa_flags=0x00000000
SIGQUIT: SIG_DFL, sa_mask[0]=0x00000000, sa_flags=0x00000000


---------------  S Y S T E M  ---------------

OS:Ubuntu 10.10 (maverick)
uname:Linux 2.6.35-32-generic #67-Ubuntu SMP Mon Mar 5 19:35:26 UTC 2012 i686
libc:glibc 2.12.1 NPTL 2.12.1 
rlimit: STACK 8192k, CORE 0k, NPROC infinity, NOFILE 1024, AS infinity
load average:0.09 0.14 0.17

/proc/meminfo:
MemTotal:        2012408 kB
MemFree:          174648 kB
Buffers:           98472 kB
Cached:          1262680 kB
SwapCached:            0 kB
Active:           558676 kB
Inactive:        1206200 kB
Active(anon):     353156 kB
Inactive(anon):    54100 kB
Active(file):     205520 kB
Inactive(file):  1152100 kB
Unevictable:          16 kB
Mlocked:              16 kB
HighTotal:       1138632 kB
HighFree:           1676 kB
LowTotal:         873776 kB
LowFree:          172972 kB
SwapTotal:       4305916 kB
SwapFree:        4305916 kB
Dirty:                92 kB
Writeback:             0 kB
AnonPages:        403764 kB
Mapped:            76416 kB
Shmem:              3520 kB
Slab:              56684 kB
SReclaimable:      48220 kB
SUnreclaim:         8464 kB
KernelStack:        2312 kB
PageTables:         4944 kB
NFS_Unstable:          0 kB
Bounce:                0 kB
WritebackTmp:          0 kB
CommitLimit:     5312120 kB
Committed_AS:    1104852 kB
VmallocTotal:     122880 kB
VmallocUsed:       31164 kB
VmallocChunk:      86852 kB
HardwareCorrupted:     0 kB
HugePages_Total:       0
HugePages_Free:        0
HugePages_Rsvd:        0
HugePages_Surp:        0
Hugepagesize:       4096 kB
DirectMap4k:       12280 kB
DirectMap4M:      897024 kB


CPU:total 1 (1 cores per cpu, 1 threads per core) family 6 model 23 stepping 10, cmov, cx8, fxsr, mmx, sse, sse2, sse3, ssse3

Memory: 4k page, physical 2012408k(174648k free), swap 4305916k(4305916k free)

vm_info: OpenJDK Client VM (19.0-b09) for linux-x86 JRE (1.6.0_20-b20), built on Feb 18 2012 07:31:20 by "buildd" with gcc 4.4.5

time: Sat May 11 21:30:11 2013
elapsed time: 0 seconds

