#
# A fatal error has been detected by the Java Runtime Environment:
#
#  Internal Error (classFileParser.cpp:3375), pid=2904, tid=3077585776
#  Error: ShouldNotReachHere()
#
# JRE version: 6.0_20-b20
# Java VM: OpenJDK Client VM (19.0-b09 mixed mode linux-x86 )
# Derivative: IcedTea6 1.9.13
# Distribution: Ubuntu 10.10, package 6b20-1.9.13-0ubuntu1~10.10.1
# If you would like to submit a bug report, please include
# instructions how to reproduce the bug and visit:
#   https://bugs.launchpad.net/ubuntu/+source/openjdk-6/
#

---------------  T H R E A D  ---------------

Current thread (0x08b3c400):  JavaThread "Unknown thread" [_thread_in_vm, id=2909, stack(0xb76b3000,0xb7704000)]

Stack: [0xb76b3000,0xb7704000],  sp=0xb7702800,  free space=318k
Native frames: (J=compiled Java code, j=interpreted, Vv=VM code, C=native code)
V  [libjvm.so+0x3e95c7]
V  [libjvm.so+0x3e9811]
V  [libjvm.so+0x17865e]
V  [libjvm.so+0x1786d9]
V  [libjvm.so+0x1201e6]
V  [libjvm.so+0x12347b]
V  [libjvm.so+0x38fe19]
V  [libjvm.so+0x3907f2]
V  [libjvm.so+0x390bd4]
V  [libjvm.so+0x391bb0]
V  [libjvm.so+0x391c6a]
V  [libjvm.so+0x391cfd]
V  [libjvm.so+0x391d56]
V  [libjvm.so+0x391e33]
V  [libjvm.so+0x392129]
V  [libjvm.so+0x3c940f]
V  [libjvm.so+0x3c9e1c]
V  [libjvm.so+0x1d9bb8]
V  [libjvm.so+0x3bd3fc]
V  [libjvm.so+0x21340c]
C  [java+0x2238]  JavaMain+0x88
C  [libpthread.so.0+0x5cc9]


---------------  P R O C E S S  ---------------

Java Threads: ( => current thread )

Other Threads:

=>0x08b3c400 (exited) JavaThread "Unknown thread" [_thread_in_vm, id=2909, stack(0xb76b3000,0xb7704000)]

VM state:not at safepoint (not fully initialized)

VM Mutex/Monitor currently owned by a thread: None

Dynamic libraries:
00110000-00116000 r-xp 00000000 08:01 3680419    /usr/lib/jvm/java-6-openjdk/jre/lib/i386/native_threads/libhpi.so
00116000-00117000 r--p 00005000 08:01 3680419    /usr/lib/jvm/java-6-openjdk/jre/lib/i386/native_threads/libhpi.so
00117000-00118000 rw-p 00006000 08:01 3680419    /usr/lib/jvm/java-6-openjdk/jre/lib/i386/native_threads/libhpi.so
00118000-0011e000 r-xp 00000000 08:01 5247348    /lib/libnss_compat-2.12.1.so
0011e000-0011f000 r--p 00006000 08:01 5247348    /lib/libnss_compat-2.12.1.so
0011f000-00120000 rw-p 00007000 08:01 5247348    /lib/libnss_compat-2.12.1.so
00124000-00125000 r-xp 00000000 00:00 0          [vdso]
00125000-0012b000 r-xp 00000000 08:01 3680403    /usr/lib/jvm/java-6-openjdk/jre/lib/i386/libzip.so
0012b000-0012c000 r--p 00005000 08:01 3680403    /usr/lib/jvm/java-6-openjdk/jre/lib/i386/libzip.so
0012c000-0012d000 rw-p 00006000 08:01 3680403    /usr/lib/jvm/java-6-openjdk/jre/lib/i386/libzip.so
0012d000-00149000 r-xp 00000000 08:01 5243716    /lib/ld-2.12.1.so
00149000-0014a000 r--p 0001b000 08:01 5243716    /lib/ld-2.12.1.so
0014a000-0014b000 rw-p 0001c000 08:01 5243716    /lib/ld-2.12.1.so
0014b000-0016f000 r-xp 00000000 08:01 5247341    /lib/libm-2.12.1.so
0016f000-00170000 r--p 00023000 08:01 5247341    /lib/libm-2.12.1.so
00170000-00171000 rw-p 00024000 08:01 5247341    /lib/libm-2.12.1.so
00171000-0017b000 r-xp 00000000 08:01 5243720    /lib/libnss_files-2.12.1.so
0017b000-0017c000 r--p 00009000 08:01 5243720    /lib/libnss_files-2.12.1.so
0017c000-0017d000 rw-p 0000a000 08:01 5243720    /lib/libnss_files-2.12.1.so
004de000-004f3000 r-xp 00000000 08:01 5247365    /lib/libpthread-2.12.1.so
004f3000-004f4000 ---p 00015000 08:01 5247365    /lib/libpthread-2.12.1.so
004f4000-004f5000 r--p 00015000 08:01 5247365    /lib/libpthread-2.12.1.so
004f5000-004f6000 rw-p 00016000 08:01 5247365    /lib/libpthread-2.12.1.so
004f6000-004f8000 rw-p 00000000 00:00 0 
0055b000-00562000 r-xp 00000000 08:01 5243724    /lib/librt-2.12.1.so
00562000-00563000 r--p 00006000 08:01 5243724    /lib/librt-2.12.1.so
00563000-00564000 rw-p 00007000 08:01 5243724    /lib/librt-2.12.1.so
00703000-0070c000 r-xp 00000000 08:01 5246691    /lib/libnss_nis-2.12.1.so
0070c000-0070d000 r--p 00008000 08:01 5246691    /lib/libnss_nis-2.12.1.so
0070d000-0070e000 rw-p 00009000 08:01 5246691    /lib/libnss_nis-2.12.1.so
0073a000-0075c000 r-xp 00000000 08:01 3680398    /usr/lib/jvm/java-6-openjdk/jre/lib/i386/libjava.so
0075c000-0075d000 r--p 00021000 08:01 3680398    /usr/lib/jvm/java-6-openjdk/jre/lib/i386/libjava.so
0075d000-0075f000 rw-p 00022000 08:01 3680398    /usr/lib/jvm/java-6-openjdk/jre/lib/i386/libjava.so
0088c000-0088f000 r-xp 00000000 08:01 3680407    /usr/lib/jvm/java-6-openjdk/jre/lib/i386/jli/libjli.so
0088f000-00890000 r--p 00002000 08:01 3680407    /usr/lib/jvm/java-6-openjdk/jre/lib/i386/jli/libjli.so
00890000-00891000 rw-p 00003000 08:01 3680407    /usr/lib/jvm/java-6-openjdk/jre/lib/i386/jli/libjli.so
008bf000-008c1000 r-xp 00000000 08:01 5243722    /lib/libdl-2.12.1.so
008c1000-008c2000 r--p 00001000 08:01 5243722    /lib/libdl-2.12.1.so
008c2000-008c3000 rw-p 00002000 08:01 5243722    /lib/libdl-2.12.1.so
00b3f000-00b52000 r-xp 00000000 08:01 5247326    /lib/libnsl-2.12.1.so
00b52000-00b53000 r--p 00012000 08:01 5247326    /lib/libnsl-2.12.1.so
00b53000-00b54000 rw-p 00013000 08:01 5247326    /lib/libnsl-2.12.1.so
00b54000-00b56000 rw-p 00000000 00:00 0 
00b6a000-00b7d000 r-xp 00000000 08:01 5243074    /lib/libz.so.1.2.3.4
00b7d000-00b7e000 r--p 00012000 08:01 5243074    /lib/libz.so.1.2.3.4
00b7e000-00b7f000 rw-p 00013000 08:01 5243074    /lib/libz.so.1.2.3.4
00c57000-00c62000 r-xp 00000000 08:01 3680426    /usr/lib/jvm/java-6-openjdk/jre/lib/i386/libverify.so
00c62000-00c63000 ---p 0000b000 08:01 3680426    /usr/lib/jvm/java-6-openjdk/jre/lib/i386/libverify.so
00c63000-00c64000 r--p 0000b000 08:01 3680426    /usr/lib/jvm/java-6-openjdk/jre/lib/i386/libverify.so
00c64000-00c65000 rw-p 0000c000 08:01 3680426    /usr/lib/jvm/java-6-openjdk/jre/lib/i386/libverify.so
00cc8000-00e1f000 r-xp 00000000 08:01 5247354    /lib/libc-2.12.1.so
00e1f000-00e21000 r--p 00157000 08:01 5247354    /lib/libc-2.12.1.so
00e21000-00e22000 rw-p 00159000 08:01 5247354    /lib/libc-2.12.1.so
00e22000-00e25000 rw-p 00000000 00:00 0 
00e25000-01278000 r-xp 00000000 08:01 3680414    /usr/lib/jvm/java-6-openjdk/jre/lib/i386/client/libjvm.so
01278000-0128f000 r--p 00453000 08:01 3680414    /usr/lib/jvm/java-6-openjdk/jre/lib/i386/client/libjvm.so
0128f000-0129c000 rw-p 0046a000 08:01 3680414    /usr/lib/jvm/java-6-openjdk/jre/lib/i386/client/libjvm.so
0129c000-016b8000 rw-p 00000000 00:00 0 
08048000-08051000 r-xp 00000000 08:01 3680367    /usr/lib/jvm/java-6-openjdk/jre/bin/java
08051000-08052000 r--p 00008000 08:01 3680367    /usr/lib/jvm/java-6-openjdk/jre/bin/java
08052000-08053000 rw-p 00009000 08:01 3680367    /usr/lib/jvm/java-6-openjdk/jre/bin/java
08b36000-08ba3000 rw-p 00000000 00:00 0          [heap]
91381000-91443000 r--s 010b9000 08:01 4332901    /home/fsantiago/android-sdks/platforms/android-16/android.jar
91443000-9144a000 rw-p 00000000 00:00 0 
9144a000-91464000 rw-p 00000000 00:00 0 
91464000-9146a000 rw-p 00000000 00:00 0 
9146a000-9150f000 rw-p 00000000 00:00 0 
9150f000-91512000 rw-p 00000000 00:00 0 
91512000-91564000 rw-p 00000000 00:00 0 
91564000-9156a000 rw-p 00000000 00:00 0 
9156a000-9160f000 rw-p 00000000 00:00 0 
9160f000-91615000 rw-p 00000000 00:00 0 
91615000-9162f000 rw-p 00000000 00:00 0 
9162f000-91b80000 rw-p 00000000 00:00 0 
91b80000-9c0d0000 rw-p 00000000 00:00 0 
9c0d0000-9cb80000 rw-p 00000000 00:00 0 
9cb80000-b1630000 rw-p 00000000 00:00 0 
b1630000-b2230000 rw-p 00000000 00:00 0 
b2230000-b5630000 rw-p 00000000 00:00 0 
b5633000-b5634000 rw-p 00000000 00:00 0 
b5634000-b56b3000 rw-p 00000000 00:00 0 
b56b3000-b56e3000 rwxp 00000000 00:00 0 
b56e3000-b76b3000 rw-p 00000000 00:00 0 
b76b3000-b76b6000 ---p 00000000 00:00 0 
b76b6000-b7707000 rw-p 00000000 00:00 0 
b770c000-b7714000 rw-s 00000000 08:01 1050610    /tmp/hsperfdata_fsantiago/2904
b7714000-b7715000 rw-p 00000000 00:00 0 
b7715000-b7716000 r--p 00000000 00:00 0 
b7716000-b7718000 rw-p 00000000 00:00 0 
bfbb3000-bfbd4000 rw-p 00000000 00:00 0          [stack]

VM Arguments:
jvm_args: -Dfile.encoding=UTF-8 -Xbootclasspath:/home/fsantiago/android-sdks/platforms/android-16/android.jar 
java_command: br.com.bitwaysystem.util.Validates
Launcher Type: SUN_STANDARD

Environment Variables:
PATH=/usr/local/sbin:/usr/local/bin:/usr/sbin:/usr/bin:/sbin:/bin:/usr/games
USERNAME=fsantiago
LD_LIBRARY_PATH=/usr/lib/jvm/java-6-openjdk/jre/lib/i386/client:/usr/lib/jvm/java-6-openjdk/jre/lib/i386:/usr/lib/jvm/java-6-openjdk/jre/../lib/i386:/usr/lib/jvm/java-7-oracle/jre/lib/i386/client:/usr/lib/jvm/java-7-oracle/jre/lib/i386:
SHELL=/bin/bash
DISPLAY=:0.0

Signal Handlers:
SIGSEGV: [libjvm.so+0x3ea1d0], sa_mask[0]=0x7ffbfeff, sa_flags=0x10000004
SIGBUS: [libjvm.so+0x3ea1d0], sa_mask[0]=0x7ffbfeff, sa_flags=0x10000004
SIGFPE: [libjvm.so+0x30d270], sa_mask[0]=0x7ffbfeff, sa_flags=0x10000004
SIGPIPE: [libjvm.so+0x30d270], sa_mask[0]=0x7ffbfeff, sa_flags=0x10000004
SIGXFSZ: [libjvm.so+0x30d270], sa_mask[0]=0x7ffbfeff, sa_flags=0x10000004
SIGILL: [libjvm.so+0x30d270], sa_mask[0]=0x7ffbfeff, sa_flags=0x10000004
SIGUSR1: SIG_DFL, sa_mask[0]=0x00000000, sa_flags=0x00000000
SIGUSR2: [libjvm.so+0x30c920], sa_mask[0]=0x00000004, sa_flags=0x10000004
SIGHUP: SIG_DFL, sa_mask[0]=0x00000000, sa_flags=0x00000000
SIGINT: SIG_DFL, sa_mask[0]=0x00000000, sa_flags=0x00000000
SIGTERM: SIG_DFL, sa_mask[0]=0x00000000, sa_flags=0x00000000
SIGQUIT: SIG_DFL, sa_mask[0]=0x00000000, sa_flags=0x00000000


---------------  S Y S T E M  ---------------

OS:Ubuntu 10.10 (maverick)
uname:Linux 2.6.35-32-generic #67-Ubuntu SMP Mon Mar 5 19:35:26 UTC 2012 i686
libc:glibc 2.12.1 NPTL 2.12.1 
rlimit: STACK 8192k, CORE 0k, NPROC infinity, NOFILE 1024, AS infinity
load average:0.15 0.16 0.15

/proc/meminfo:
MemTotal:        2056892 kB
MemFree:          366152 kB
Buffers:           73756 kB
Cached:          1093340 kB
SwapCached:            0 kB
Active:          1008056 kB
Inactive:         631708 kB
Active(anon):     472896 kB
Inactive(anon):     2932 kB
Active(file):     535160 kB
Inactive(file):   628776 kB
Unevictable:          16 kB
Mlocked:              16 kB
HighTotal:       1183688 kB
HighFree:           1720 kB
LowTotal:         873204 kB
LowFree:          364432 kB
SwapTotal:       4305916 kB
SwapFree:        4305916 kB
Dirty:               236 kB
Writeback:             0 kB
AnonPages:        472680 kB
Mapped:            76312 kB
Shmem:              3164 kB
Slab:              34492 kB
SReclaimable:      26216 kB
SUnreclaim:         8276 kB
KernelStack:        2240 kB
PageTables:         4924 kB
NFS_Unstable:          0 kB
Bounce:                0 kB
WritebackTmp:          0 kB
CommitLimit:     5334360 kB
Committed_AS:    1183716 kB
VmallocTotal:     122880 kB
VmallocUsed:       31164 kB
VmallocChunk:      86852 kB
HardwareCorrupted:     0 kB
HugePages_Total:       0
HugePages_Free:        0
HugePages_Rsvd:        0
HugePages_Surp:        0
Hugepagesize:       4096 kB
DirectMap4k:       12280 kB
DirectMap4M:      897024 kB


CPU:total 1 (1 cores per cpu, 1 threads per core) family 6 model 23 stepping 10, cmov, cx8, fxsr, mmx, sse, sse2, sse3, ssse3

Memory: 4k page, physical 2056892k(366152k free), swap 4305916k(4305916k free)

vm_info: OpenJDK Client VM (19.0-b09) for linux-x86 JRE (1.6.0_20-b20), built on Feb 18 2012 07:31:20 by "buildd" with gcc 4.4.5

time: Sat Mar  2 21:10:31 2013
elapsed time: 0 seconds

